2024-11-16T16:47:02.779Z - info: Initializing jsreport (version: 4.5.0, configuration file: ./jsreport.config.json, nodejs: 18.15.0)
2024-11-16T16:47:02.781Z - info: Searching for available extensions in C:\Users\Juan\Desktop\projectartefact-Backend\
2024-11-16T16:47:02.785Z - info: Extensions location cache doesn't contain entry yet, crawling
2024-11-16T17:05:49.755Z - info: Initializing jsreport (version: 4.5.0, configuration file: ./jsreport.config.json, nodejs: 18.15.0)
2024-11-16T17:05:49.757Z - info: Searching for available extensions in C:\Users\Juan\Desktop\projectartefact-Backend\
2024-11-16T17:05:49.766Z - info: Extensions location cache doesn't contain entry yet, crawling
2024-11-16T17:24:05.202Z - info: Initializing jsreport (version: 4.7.0, configuration file: none, nodejs: 18.15.0)
2024-11-16T17:24:05.204Z - info: Searching for available extensions in C:\Users\Juan\Desktop\projectartefact-Backend\
2024-11-16T17:24:05.220Z - info: Extensions location cache doesn't contain entry yet, crawling
2024-11-16T17:24:19.728Z - info: Initializing jsreport (version: 4.7.0, configuration file: none, nodejs: 18.15.0)
2024-11-16T17:24:19.730Z - info: Searching for available extensions in C:\Users\Juan\Desktop\projectartefact-Backend\
2024-11-16T17:24:19.740Z - info: Extensions location cache doesn't contain entry yet, crawling
2024-11-16T17:24:48.121Z - info: Initializing jsreport (version: 4.7.0, configuration file: none, nodejs: 18.15.0)
2024-11-16T17:24:48.123Z - info: Searching for available extensions in C:\Users\Juan\Desktop\projectartefact-Backend\
2024-11-16T17:24:48.131Z - info: Extensions location cache doesn't contain entry yet, crawling
2024-11-16T17:25:26.526Z - info: Initializing jsreport (version: 4.7.0, configuration file: none, nodejs: 18.15.0)
2024-11-16T17:25:26.529Z - info: Searching for available extensions in C:\Users\Juan\Desktop\projectartefact-Backend\
2024-11-16T17:25:26.538Z - info: Extensions location cache doesn't contain entry yet, crawling
2024-11-16T17:26:54.891Z - info: Initializing jsreport (version: 4.7.0, configuration file: none, nodejs: 18.15.0)
2024-11-16T17:26:54.893Z - info: Searching for available extensions in C:\Users\Juan\Desktop\projectartefact-Backend\
2024-11-16T17:26:54.903Z - info: Extensions location cache doesn't contain entry yet, crawling
2024-11-16T17:28:46.006Z - info: Initializing jsreport (version: 4.7.0, configuration file: none, nodejs: 18.15.0)
2024-11-16T17:28:46.008Z - info: Searching for available extensions in C:\Users\Juan\Desktop\projectartefact-Backend\
2024-11-16T17:28:46.016Z - info: Extensions location cache doesn't contain entry yet, crawling
2024-11-16T17:30:31.802Z - info: Initializing jsreport (version: 4.7.0, configuration file: none, nodejs: 18.15.0)
2024-11-16T17:30:31.804Z - info: Searching for available extensions in C:\Users\Juan\Desktop\projectartefact-Backend\
2024-11-16T17:30:31.814Z - info: Extensions location cache doesn't contain entry yet, crawling
2024-11-16T17:37:15.720Z - info: Initializing jsreport (version: 4.7.0, configuration file: ./jsreport.config.json, nodejs: 18.15.0)
2024-11-16T17:37:15.721Z - info: Searching for available extensions in C:\Users\Juan\Desktop\projectartefact-Backend\
2024-11-16T17:37:15.730Z - info: Extensions location cache doesn't contain entry yet, crawling
2024-11-16T17:37:54.658Z - info: Initializing jsreport (version: 4.7.0, configuration file: ./jsreport.config.json, nodejs: 18.15.0)
2024-11-16T17:37:54.661Z - info: Searching for available extensions in C:\Users\Juan\Desktop\projectartefact-Backend\
2024-11-16T17:37:54.670Z - info: Extensions location cache doesn't contain entry yet, crawling
2024-11-16T17:38:22.979Z - info: Initializing jsreport (version: 4.7.0, configuration file: ./jsreport.config.json, nodejs: 18.15.0)
2024-11-16T17:38:22.982Z - info: Searching for available extensions in C:\Users\Juan\Desktop\projectartefact-Backend\
2024-11-16T17:38:22.990Z - info: Extensions location cache doesn't contain entry yet, crawling
2024-11-16T17:49:24.948Z - info: Initializing jsreport (version: 4.7.0, configuration file: jsreport.config.json, nodejs: 18.15.0)
2024-11-16T17:49:24.950Z - info: Searching for available extensions in C:\Users\Juan\Desktop\projectartefact-Backend\
2024-11-16T17:49:24.952Z - info: Extensions location cache doesn't contain entry yet, crawling
2024-11-16T17:51:52.155Z - info: Initializing jsreport (version: 4.7.0, configuration file: jsreport.config.json, nodejs: 18.15.0)
2024-11-16T17:51:52.157Z - info: Searching for available extensions in C:\Users\Juan\Desktop\projectartefact-Backend\
2024-11-16T17:51:52.159Z - info: Extensions location cache doesn't contain entry yet, crawling
2024-11-16T17:53:14.500Z - info: Initializing jsreport (version: 4.7.0, configuration file: jsreport.config.json, nodejs: 18.15.0)
2024-11-16T17:53:14.501Z - info: Searching for available extensions in C:\Users\Juan\Desktop\projectartefact-Backend\
2024-11-16T17:53:14.504Z - info: Extensions location cache doesn't contain entry yet, crawling
2024-11-16T17:53:26.996Z - info: Initializing jsreport (version: 4.7.0, configuration file: jsreport.config.json, nodejs: 18.15.0)
2024-11-16T17:53:26.998Z - info: Searching for available extensions in C:\Users\Juan\Desktop\projectartefact-Backend\
2024-11-16T17:53:27.001Z - info: Extensions location cache doesn't contain entry yet, crawling
2024-11-16T18:20:45.448Z - info: Initializing jsreport (version: 4.7.0, configuration file: jsreport.config.json, nodejs: 18.15.0)
2024-11-16T18:20:45.450Z - info: Searching for available extensions in C:\Users\Juan\Desktop\projectartefact-Backend\
2024-11-16T18:20:45.452Z - info: Extensions location cache doesn't contain entry yet, crawling
2024-11-16T18:23:20.840Z - info: Initializing jsreport (version: 4.7.0, configuration file: jsreport.config.json, nodejs: 18.15.0)
2024-11-16T18:23:20.842Z - info: Searching for available extensions in C:\Users\Juan\Desktop\projectartefact-Backend\
2024-11-16T18:23:20.845Z - info: Extensions location cache doesn't contain entry yet, crawling
2024-11-16T18:24:56.901Z - info: Initializing jsreport (version: 4.7.0, configuration file: jsreport.config.json, nodejs: 18.15.0)
2024-11-16T18:24:56.903Z - info: Searching for available extensions in C:\Users\Juan\Desktop\projectartefact-Backend\
2024-11-16T18:24:56.905Z - info: Extensions location cache doesn't contain entry yet, crawling
2024-11-16T18:25:16.895Z - info: Initializing jsreport (version: 4.7.0, configuration file: jsreport.config.json, nodejs: 18.15.0)
2024-11-16T18:25:16.897Z - info: Searching for available extensions in C:\Users\Juan\Desktop\projectartefact-Backend\
2024-11-16T18:25:16.901Z - info: Extensions location cache doesn't contain entry yet, crawling
2024-11-16T18:36:56.035Z - info: Initializing jsreport (version: 4.7.0, configuration file: jsreport.config.json, nodejs: 18.15.0)
2024-11-16T18:36:56.036Z - info: Searching for available extensions in C:\Users\Juan\Desktop\projectartefact-Backend\
2024-11-16T18:36:56.039Z - info: Extensions location cache doesn't contain entry yet, crawling
2024-11-17T02:13:40.873Z - info: Initializing jsreport (version: 4.7.0, configuration file: jsreport.config.json, nodejs: 18.15.0)
2024-11-17T02:13:40.875Z - info: Searching for available extensions in C:\Users\Juan\Desktop\projectartefact-Backend\
2024-11-17T02:13:40.879Z - info: Extensions location cache doesn't contain entry yet, crawling
2024-11-17T02:14:26.504Z - info: Initializing jsreport (version: 4.7.0, configuration file: jsreport.config.json, nodejs: 18.15.0)
2024-11-17T02:14:26.506Z - info: Searching for available extensions in C:\Users\Juan\Desktop\projectartefact-Backend\
2024-11-17T02:14:26.509Z - info: Extensions location cache doesn't contain entry yet, crawling
2024-11-17T02:14:42.365Z - info: Initializing jsreport (version: 4.7.0, configuration file: jsreport.config.json, nodejs: 18.15.0)
2024-11-17T02:14:42.367Z - info: Searching for available extensions in C:\Users\Juan\Desktop\projectartefact-Backend\
2024-11-17T02:14:42.370Z - info: Extensions location cache doesn't contain entry yet, crawling
2024-11-17T02:17:20.077Z - info: Initializing jsreport (version: 4.7.0, configuration file: jsreport.config.json, nodejs: 18.15.0)
2024-11-17T02:17:20.079Z - info: Searching for available extensions in C:\Users\Juan\Desktop\projectartefact-Backend\
2024-11-17T02:17:20.082Z - info: Extensions location cache doesn't contain entry yet, crawling
2024-11-17T02:18:13.051Z - info: Initializing jsreport (version: 4.7.0, configuration file: jsreport.config.json, nodejs: 18.15.0)
2024-11-17T02:18:13.053Z - info: Searching for available extensions in C:\Users\Juan\Desktop\projectartefact-Backend\
2024-11-17T02:18:13.057Z - info: Extensions location cache doesn't contain entry yet, crawling
2024-11-17T02:18:55.087Z - info: Initializing jsreport (version: 4.7.0, configuration file: jsreport.config.json, nodejs: 18.15.0)
2024-11-17T02:18:55.089Z - info: Searching for available extensions in C:\Users\Juan\Desktop\projectartefact-Backend\
2024-11-17T02:18:55.093Z - info: Extensions location cache doesn't contain entry yet, crawling
2024-11-17T02:19:35.476Z - info: Initializing jsreport (version: 4.7.0, configuration file: jsreport.config.json, nodejs: 18.15.0)
2024-11-17T02:19:35.479Z - info: Searching for available extensions in C:\Users\Juan\Desktop\projectartefact-Backend\
2024-11-17T02:19:35.482Z - info: Extensions location cache doesn't contain entry yet, crawling
2024-11-17T02:20:04.634Z - info: Initializing jsreport (version: 4.7.0, configuration file: jsreport.config.json, nodejs: 18.15.0)
2024-11-17T02:20:04.636Z - info: Searching for available extensions in C:\Users\Juan\Desktop\projectartefact-Backend\
2024-11-17T02:20:04.639Z - info: Extensions location cache doesn't contain entry yet, crawling
2024-11-17T02:22:31.540Z - info: Initializing jsreport (version: 4.7.0, configuration file: jsreport.config.json, nodejs: 18.15.0)
2024-11-17T02:22:31.542Z - info: Searching for available extensions in C:\Users\Juan\Desktop\projectartefact-Backend\
2024-11-17T02:22:31.545Z - info: Extensions location cache doesn't contain entry yet, crawling
2024-11-17T02:22:42.769Z - info: Initializing jsreport (version: 4.7.0, configuration file: jsreport.config.json, nodejs: 18.15.0)
2024-11-17T02:22:42.771Z - info: Searching for available extensions in C:\Users\Juan\Desktop\projectartefact-Backend\
2024-11-17T02:22:42.774Z - info: Extensions location cache doesn't contain entry yet, crawling
2024-11-17T02:23:30.036Z - info: Initializing jsreport (version: 4.7.0, configuration file: jsreport.config.json, nodejs: 18.15.0)
2024-11-17T02:23:30.039Z - info: Searching for available extensions in C:\Users\Juan\Desktop\projectartefact-Backend\
2024-11-17T02:23:30.042Z - info: Extensions location cache doesn't contain entry yet, crawling
2024-11-17T02:37:17.160Z - info: Initializing jsreport (version: 4.7.0, configuration file: jsreport.config.json, nodejs: 18.15.0)
2024-11-17T02:37:17.162Z - info: Searching for available extensions in C:\Users\Juan\Desktop\projectartefact-Backend\
2024-11-17T02:37:17.165Z - info: Extensions location cache doesn't contain entry yet, crawling
2024-11-17T02:39:18.422Z - info: Initializing jsreport (version: 4.7.0, configuration file: jsreport.config.json, nodejs: 18.15.0)
2024-11-17T02:39:18.424Z - info: Searching for available extensions in C:\Users\Juan\Desktop\projectartefact-Backend\
2024-11-17T02:39:18.426Z - info: Extensions location cache doesn't contain entry yet, crawling
2024-11-17T02:40:29.943Z - info: Initializing jsreport (version: 4.7.0, configuration file: jsreport.config.json, nodejs: 18.15.0)
2024-11-17T02:40:29.945Z - info: Searching for available extensions in C:\Users\Juan\Desktop\projectartefact-Backend\
2024-11-17T02:40:29.948Z - info: Extensions location cache doesn't contain entry yet, crawling
2024-11-17T02:47:37.721Z - info: Initializing jsreport (version: 4.7.0, configuration file: jsreport.config.json, nodejs: 18.15.0)
2024-11-17T02:47:37.723Z - info: Searching for available extensions in C:\Users\Juan\Desktop\projectartefact-Backend\
2024-11-17T02:47:37.726Z - info: Extensions location cache doesn't contain entry yet, crawling
2024-11-17T02:48:13.583Z - info: Initializing jsreport (version: 4.7.0, configuration file: jsreport.config.json, nodejs: 18.15.0)
2024-11-17T02:48:13.585Z - info: Searching for available extensions in C:\Users\Juan\Desktop\projectartefact-Backend\
2024-11-17T02:48:13.590Z - info: Extensions location cache doesn't contain entry yet, crawling
2024-11-17T03:01:37.403Z - info: Initializing jsreport (version: 4.7.0, configuration file: jsreport.config.json, nodejs: 18.15.0)
2024-11-17T03:01:37.405Z - info: Searching for available extensions in C:\Users\Juan\Desktop\projectartefact-Backend\
2024-11-17T03:01:37.406Z - info: Extensions location cache not found, crawling directories
2024-11-17T03:28:59.520Z - info: Found 35 extension(s)
2024-11-17T03:28:59.552Z - debug: Writing extension locations cache to C:\Users\Juan\AppData\Local\Temp\jsreport\core\locations.json
2024-11-17T03:28:59.553Z - debug: Discovered 35 extensions
2024-11-17T03:28:59.603Z - info: Using extension authentication@4.2.2
2024-11-17T03:28:59.763Z - debug: Extension authentication@4.2.2 was disabled
2024-11-17T03:28:59.764Z - info: Using extension base@4.0.0
2024-11-17T03:28:59.767Z - info: Using extension child-templates@4.1.0
2024-11-17T03:28:59.768Z - info: Using extension cli@4.0.5
2024-11-17T03:28:59.771Z - info: Using extension components@4.0.2
2024-11-17T03:28:59.772Z - info: Using extension data@4.1.0
2024-11-17T03:28:59.773Z - info: Using extension express@4.1.3
2024-11-17T03:28:59.951Z - info: Using extension freeze@4.0.0
2024-11-17T03:28:59.952Z - info: Using extension fs-store@4.0.5
2024-11-17T03:29:00.072Z - debug: Extension fs-store@4.0.5 was disabled
2024-11-17T03:29:00.072Z - info: Using extension handlebars@4.0.1
2024-11-17T03:29:00.074Z - info: Using extension import-export@4.0.5
2024-11-17T03:29:00.083Z - info: Using extension jsrender@4.0.0
2024-11-17T03:29:00.084Z - info: Using extension licensing@4.0.3
2024-11-17T03:29:00.112Z - info: Using extension localization@4.0.1
2024-11-17T03:29:00.113Z - info: Using extension npm@4.0.0
2024-11-17T03:29:00.122Z - info: Using extension pdf-utils@4.2.2
2024-11-17T03:29:00.124Z - info: Using extension reports@4.1.2
2024-11-17T03:29:00.128Z - info: Using extension tags@4.0.1
2024-11-17T03:29:00.132Z - info: Using extension text@4.0.2
2024-11-17T03:29:00.133Z - info: Using extension version-control@4.0.0
2024-11-17T03:29:00.144Z - info: Using extension assets@4.2.0
2024-11-17T03:29:00.154Z - info: Using extension authorization@4.0.1
2024-11-17T03:29:00.158Z - debug: Extension authorization@4.0.1 was disabled
2024-11-17T03:29:00.158Z - info: Using extension browser-client@4.1.0
2024-11-17T03:29:00.160Z - info: Using extension chrome-pdf@4.1.0
2024-11-17T03:29:00.163Z - debug: Chrome strategy is chrome-pool, numberOfWorkers: 1
2024-11-17T03:29:00.163Z - debug: Chrome custom launch options are args=--no-sandbox,--disable-setuid-sandbox
2024-11-17T03:29:00.164Z - info: Using extension docx@4.6.0
2024-11-17T03:29:00.166Z - info: Using extension html-to-xlsx@4.1.4
2024-11-17T03:29:00.562Z - info: html-to-xlsx detected chrome as available html engine
2024-11-17T03:29:00.562Z - info: Using extension pptx@4.3.2
2024-11-17T03:29:00.564Z - info: Using extension scheduling@4.0.0
2024-11-17T03:29:00.575Z - info: Using extension scripts@4.1.0
2024-11-17T03:29:00.576Z - info: Using extension static-pdf@4.1.0
2024-11-17T03:29:00.577Z - info: Using extension studio@4.2.0
2024-11-17T03:29:00.648Z - info: Using extension xlsx@4.3.0
2024-11-17T03:29:00.650Z - info: Using extension public-templates@4.0.0
2024-11-17T03:29:00.652Z - debug: Extension public-templates@4.0.0 was disabled
2024-11-17T03:29:00.652Z - info: Using extension sample-template@4.0.0
2024-11-17T03:29:00.654Z - info: Using extension studio-theme-dark@4.0.0
2024-11-17T03:29:00.655Z - info: Using general timeout for rendering (reportTimeout: 60000)
2024-11-17T03:29:00.655Z - info: Using memory provider for template store. The saved templates will be lost after restart
2024-11-17T03:29:00.668Z - debug: studio default theme is: light
2024-11-17T03:29:00.672Z - info: Creating default express app.
2024-11-17T03:29:00.685Z - error: Error when starting http server on port 5000 Error: listen EADDRINUSE: address already in use :::5000
    at Server.setupListenHandle [as _listen2] (node:net:1740:16)
    at listenInCluster (node:net:1788:12)
    at Server.listen (node:net:1876:7)
    at C:\Users\Juan\Desktop\projectartefact-Backend\node_modules\@jsreport\jsreport-express\lib\main.js:22:12
    at new Promise (<anonymous>)
    at startAsync (C:\Users\Juan\Desktop\projectartefact-Backend\node_modules\@jsreport\jsreport-express\lib\main.js:16:10)
    at C:\Users\Juan\Desktop\projectartefact-Backend\node_modules\@jsreport\jsreport-express\lib\main.js:50:14
    at Object.start (C:\Users\Juan\Desktop\projectartefact-Backend\node_modules\@jsreport\jsreport-express\lib\main.js:125:13)
    at Object.<anonymous> (C:\Users\Juan\Desktop\projectartefact-Backend\node_modules\@jsreport\jsreport-express\lib\main.js:333:30)
    at async ListenerCollection.fire (C:\Users\Juan\Desktop\projectartefact-Backend\node_modules\@jsreport\jsreport-core\lib\shared\listenerCollection.js:157:21)
2024-11-17T03:29:00.685Z - error: Error occurred during reporter init: Error: listen EADDRINUSE: address already in use :::5000
    at Server.setupListenHandle [as _listen2] (node:net:1740:16)
    at listenInCluster (node:net:1788:12)
    at Server.listen (node:net:1876:7)
    at C:\Users\Juan\Desktop\projectartefact-Backend\node_modules\@jsreport\jsreport-express\lib\main.js:22:12
    at new Promise (<anonymous>)
    at startAsync (C:\Users\Juan\Desktop\projectartefact-Backend\node_modules\@jsreport\jsreport-express\lib\main.js:16:10)
    at C:\Users\Juan\Desktop\projectartefact-Backend\node_modules\@jsreport\jsreport-express\lib\main.js:50:14
    at Object.start (C:\Users\Juan\Desktop\projectartefact-Backend\node_modules\@jsreport\jsreport-express\lib\main.js:125:13)
    at Object.<anonymous> (C:\Users\Juan\Desktop\projectartefact-Backend\node_modules\@jsreport\jsreport-express\lib\main.js:333:30)
    at async ListenerCollection.fire (C:\Users\Juan\Desktop\projectartefact-Backend\node_modules\@jsreport\jsreport-core\lib\shared\listenerCollection.js:157:21)
